<?xml version="1.0" encoding="UTF-8"?>
<!-- Generated by org.testng.reporters.JUnitReportReporter -->
<testsuite skipped="0" hostname="LAPTOP-9DN7N81A" name="com.app.runner.RegistrationTestRunner" tests="1" failures="0" timestamp="2022-05-02T21:28:56 IST" time="8.617" errors="0">
  <testcase name="feature" time="8.617" classname="com.app.runner.RegistrationTestRunner"/>
  <system-out/>
</testsuite> <!-- com.app.runner.RegistrationTestRunner -->
