<?xml version="1.0" encoding="UTF-8"?>
<!-- Generated by org.testng.reporters.JUnitReportReporter -->
<testsuite skipped="0" hostname="LAPTOP-9DN7N81A" name="com.app.runner.ParaBankRegistrationTestRunner" tests="1" failures="0" timestamp="2022-05-07T09:39:17 IST" time="9.453" errors="0">
  <testcase name="feature" time="9.453" classname="com.app.runner.ParaBankRegistrationTestRunner"/>
  <system-out/>
</testsuite> <!-- com.app.runner.ParaBankRegistrationTestRunner -->
