<?xml version="1.0" encoding="UTF-8"?>
<!-- Generated by org.testng.reporters.JUnitReportReporter -->
<testsuite skipped="0" hostname="LAPTOP-9DN7N81A" name="com.app.runner.ParaBankProductsTestRunner" tests="1" failures="0" timestamp="2022-05-04T22:12:29 IST" time="10.758" errors="0">
  <testcase name="feature" time="10.758" classname="com.app.runner.ParaBankProductsTestRunner"/>
  <system-out/>
</testsuite> <!-- com.app.runner.ParaBankProductsTestRunner -->
