<?xml version="1.0" encoding="UTF-8"?>
<!-- Generated by org.testng.reporters.JUnitReportReporter -->
<testsuite skipped="0" hostname="DESKTOP-LHE1K5F" name="com.app.runner.ParaBankRegistrationTestRunner" tests="1" failures="0" timestamp="2022-05-12T21:36:19 PDT" time="6.511" errors="0">
  <testcase name="feature" time="6.511" classname="com.app.runner.ParaBankRegistrationTestRunner"/>
  <system-out/>
</testsuite> <!-- com.app.runner.ParaBankRegistrationTestRunner -->
